<?xml version="1.0" encoding="UTF-8"?>
<testsuites name="Amazon_ValidateSearchFieldItem_002" time="96.441" tests="1" failures="0" errors="0">
   <testsuite name="Amazon_ValidateSearchFieldItem_002" tests="1" failures="0" errors="0" time="96.441" skipped="0" timestamp="30-01-2024T18:47:47" hostname="THARANI - DESKTOP-D1AGAN8" id="Test Suites/Amazon_TestSuite/Amazon_ValidateSearchFieldItem_002">
      <properties>
         <property name="deviceName" value=""/>
         <property name="devicePlatform" value=""/>
         <property name="logFolder" value="C:\\Users\\THARANI\\git\\SI-GuidedProject-705938-1705903924\\Reports\\20240130_184724\\Amazon_TestSuite\\Amazon_ValidateSearchFieldItem_002\\20240130_184731"/>
         <property name="logFiles" value="C:\\Users\\THARANI\\git\\SI-GuidedProject-705938-1705903924\\Reports\\20240130_184724\\Amazon_TestSuite\\Amazon_ValidateSearchFieldItem_002\\20240130_184731\\execution0.log"/>
         <property name="attachments" value=""/>
         <property name="hostName" value="THARANI - DESKTOP-D1AGAN8"/>
         <property name="os" value="Windows 11 64bit"/>
         <property name="katalonVersion" value="9.2.0.212"/>
         <property name="browser" value="Chrome 120.0.0.0"/>
         <property name="hostAddress" value="192.168.29.11"/>
         <property name="sessionId" value="cac7001709a7d2e9cbfdde4d551359ad"/>
         <property name="seleniumVersion" value="3.141.59"/>
         <property name="proxyInformation" value="ProxyInformation { proxyOption=NO_PROXY, proxyServerType=HTTP, username=, password=********, proxyServerAddress=, proxyServerPort=0, executionList=&quot;&quot;, isApplyToDesiredCapabilities=true }"/>
         <property name="platform" value="Windows 11"/>
      </properties>
      <testcase name="Test Cases/TC_Amazon_ValidateSearchFieldITem_002" time="95.739" classname="Test Cases/TC_Amazon_ValidateSearchFieldITem_002" status="PASSED">
         <system-out><![CDATA[30-01-2024T18:47:48 - [TEST_CASE][PASSED] - Test Cases/TC_Amazon_ValidateSearchFieldITem_002: Test Cases/TC_Amazon_ValidateSearchFieldITem_002

30-01-2024T18:47:48 - [TEST_STEP][PASSED] - Start listener action : sampleBeforeTestCase: Current window maximized

30-01-2024T18:47:48 - [TEST_STEP][PASSED] - openBrowser(""): Browser is opened with url: ''

30-01-2024T18:47:49 - [MESSAGE][INFO] - Starting 'Chrome' driver

30-01-2024T18:47:49 - [MESSAGE][INFO] - Action delay is set to 0 milliseconds

30-01-2024T18:47:57 - [MESSAGE][PASSED] - Browser is opened with url: ''

30-01-2024T18:47:57 - [TEST_STEP][PASSED] - navigateToUrl("https://www.amazon.in/"): Navigate to 'https://www.amazon.in/' successfully

30-01-2024T18:48:07 - [MESSAGE][PASSED] - Navigate to 'https://www.amazon.in/' successfully

30-01-2024T18:48:07 - [TEST_STEP][PASSED] - maximizeWindow(): Current window maximized

30-01-2024T18:48:07 - [MESSAGE][PASSED] - Current window maximized

30-01-2024T18:48:07 - [TEST_STEP][PASSED] - Start listener action : sampleBeforeTestCase: null

30-01-2024T18:48:07 - [TEST_STEP][PASSED] - println(testCaseContext.getTestCaseId()): null

30-01-2024T18:48:07 - [TEST_STEP][PASSED] - println(testCaseContext.getTestCaseVariables()): null

30-01-2024T18:48:08 - [TEST_STEP][PASSED] - openBrowser(""): Browser is opened with url: ''

30-01-2024T18:48:08 - [MESSAGE][WARNING] - A browser is already opened. Closing browser and opening a new one

30-01-2024T18:48:08 - [MESSAGE][INFO] - Starting 'Chrome' driver

30-01-2024T18:48:08 - [MESSAGE][INFO] - Action delay is set to 0 milliseconds

30-01-2024T18:48:12 - [MESSAGE][PASSED] - Browser is opened with url: ''

30-01-2024T18:48:12 - [TEST_STEP][PASSED] - navigateToUrl("https://www.amazon.in/"): Navigate to 'https://www.amazon.in/' successfully

30-01-2024T18:48:17 - [MESSAGE][PASSED] - Navigate to 'https://www.amazon.in/' successfully

30-01-2024T18:48:17 - [TEST_STEP][PASSED] - click(findTestObject("Object Repository/Amazon_ValidateSearchFieldItem_OR/Page_Online Shopping site in India Shop Onl_10c5f3/span_Sign in")): Object: 'Object Repository/Amazon_ValidateSearchFieldItem_OR/Page_Online Shopping site in India Shop Onl_10c5f3/span_Sign in' is clicked on

30-01-2024T18:48:27 - [MESSAGE][PASSED] - Object: 'Object Repository/Amazon_ValidateSearchFieldItem_OR/Page_Online Shopping site in India Shop Onl_10c5f3/span_Sign in' is clicked on

30-01-2024T18:48:27 - [TEST_STEP][PASSED] - setText(findTestObject("Object Repository/Amazon_ValidateSearchFieldItem_OR/Page_Amazon Sign In/input_email"), "8639326702"): Text '8639326702' is set on object 'Object Repository/Amazon_ValidateSearchFieldItem_OR/Page_Amazon Sign In/input_email'

30-01-2024T18:48:37 - [MESSAGE][PASSED] - Text '8639326702' is set on object 'Object Repository/Amazon_ValidateSearchFieldItem_OR/Page_Amazon Sign In/input_email'

30-01-2024T18:48:37 - [TEST_STEP][PASSED] - click(findTestObject("Object Repository/Amazon_ValidateSearchFieldItem_OR/Page_Amazon Sign In/inputcontinue")): Object: 'Object Repository/Amazon_ValidateSearchFieldItem_OR/Page_Amazon Sign In/inputcontinue' is clicked on

30-01-2024T18:48:45 - [MESSAGE][PASSED] - Object: 'Object Repository/Amazon_ValidateSearchFieldItem_OR/Page_Amazon Sign In/inputcontinue' is clicked on

30-01-2024T18:48:45 - [TEST_STEP][PASSED] - setEncryptedText(findTestObject("Object Repository/Amazon_ValidateSearchFieldItem_OR/Page_Amazon Sign In/input_password"), "yApcPZgl258tA4QLdcldiw=="): Text ****** has been set on object 'Object Repository/Amazon_ValidateSearchFieldItem_OR/Page_Amazon Sign In/input_password'

30-01-2024T18:48:47 - [MESSAGE][PASSED] - Text ****** has been set on object 'Object Repository/Amazon_ValidateSearchFieldItem_OR/Page_Amazon Sign In/input_password'

30-01-2024T18:48:47 - [TEST_STEP][PASSED] - click(findTestObject("Object Repository/Amazon_ValidateSearchFieldItem_OR/Page_Amazon Sign In/inputsignInSubmit")): Object: 'Object Repository/Amazon_ValidateSearchFieldItem_OR/Page_Amazon Sign In/inputsignInSubmit' is clicked on

30-01-2024T18:48:49 - [MESSAGE][PASSED] - Object: 'Object Repository/Amazon_ValidateSearchFieldItem_OR/Page_Amazon Sign In/inputsignInSubmit' is clicked on

30-01-2024T18:48:49 - [TEST_STEP][PASSED] - selectOptionByValue(findTestObject("Object Repository/Amazon_ValidateSearchFieldItem_OR/Page_Online Shopping site in India Shop Onl_10c5f3/select_All Categories        Alexa Skills  _a62561"), "search-alias=electronics", true): All options with value 'search-alias=electronics' are selected in object 'Object Repository/Amazon_ValidateSearchFieldItem_OR/Page_Online Shopping site in India Shop Onl_10c5f3/select_All Categories        Alexa Skills  _a62561'  using regular expression

30-01-2024T18:49:11 - [MESSAGE][PASSED] - All options with value 'search-alias=electronics' are selected in object 'Object Repository/Amazon_ValidateSearchFieldItem_OR/Page_Online Shopping site in India Shop Onl_10c5f3/select_All Categories        Alexa Skills  _a62561'  using regular expression

30-01-2024T18:49:11 - [TEST_STEP][PASSED] - setText(findTestObject("Object Repository/Amazon_ValidateSearchFieldItem_OR/Page_Online Shopping site in India Shop Onl_10c5f3/input_field-keywords"), "Samsung Galaxys23 ultra"): Text 'Samsung Galaxys23 ultra' is set on object 'Object Repository/Amazon_ValidateSearchFieldItem_OR/Page_Online Shopping site in India Shop Onl_10c5f3/input_field-keywords'

30-01-2024T18:49:13 - [MESSAGE][PASSED] - Text 'Samsung Galaxys23 ultra' is set on object 'Object Repository/Amazon_ValidateSearchFieldItem_OR/Page_Online Shopping site in India Shop Onl_10c5f3/input_field-keywords'

30-01-2024T18:49:13 - [TEST_STEP][PASSED] - click(findTestObject("Object Repository/Amazon_ValidateSearchFieldItem_OR/Page_Online Shopping site in India Shop Onl_10c5f3/inputnav-search-submit-button")): Object: 'Object Repository/Amazon_ValidateSearchFieldItem_OR/Page_Online Shopping site in India Shop Onl_10c5f3/inputnav-search-submit-button' is clicked on

30-01-2024T18:49:22 - [MESSAGE][PASSED] - Object: 'Object Repository/Amazon_ValidateSearchFieldItem_OR/Page_Online Shopping site in India Shop Onl_10c5f3/inputnav-search-submit-button' is clicked on

30-01-2024T18:49:22 - [TEST_STEP][PASSED] - click(findTestObject("Object Repository/Amazon_ValidateSearchFieldItem_OR/Page_Amazon.in  Samsung Galaxys23 ultra/img_s-image")): Object: 'Object Repository/Amazon_ValidateSearchFieldItem_OR/Page_Amazon.in  Samsung Galaxys23 ultra/img_s-image' is clicked on

30-01-2024T18:49:23 - [MESSAGE][PASSED] - Object: 'Object Repository/Amazon_ValidateSearchFieldItem_OR/Page_Amazon.in  Samsung Galaxys23 ultra/img_s-image' is clicked on

30-01-2024T18:49:23 - [TEST_STEP][PASSED] - closeBrowser(): Browser is closed

30-01-2024T18:49:23 - [MESSAGE][PASSED] - Browser is closed

30-01-2024T18:49:23 - [TEST_STEP][PASSED] - Start listener action : sampleAfterTestCase: Browser is closed

30-01-2024T18:49:23 - [TEST_STEP][PASSED] - closeBrowser(): Browser is closed

30-01-2024T18:49:23 - [MESSAGE][PASSED] - Browser is closed

30-01-2024T18:49:23 - [TEST_STEP][PASSED] - Start listener action : sampleAfterTestCase: null

30-01-2024T18:49:23 - [TEST_STEP][PASSED] - println(testCaseContext.getTestCaseId()): null

30-01-2024T18:49:23 - [TEST_STEP][PASSED] - println(testCaseContext.getTestCaseStatus()): null]]></system-out>
         <system-err><![CDATA[]]></system-err>
      </testcase>
      <system-out><![CDATA[30-01-2024T18:47:47 - [TEST_SUITE][PASSED] - Amazon_ValidateSearchFieldItem_002: Test Cases/TC_Amazon_ValidateSearchFieldITem_002]]></system-out>
      <system-err><![CDATA[]]></system-err>
   </testsuite>
</testsuites>
