<?xml version="1.0" encoding="UTF-8"?>
<testsuites name="DataDrivenTesting_AmazonCategory_TestSuite" time="38.707" tests="3" failures="0" errors="0">
   <testsuite name="DataDrivenTesting_AmazonCategory_TestSuite" tests="3" failures="0" errors="0" time="38.707" skipped="0" timestamp="30-01-2024T14:03:41" hostname="THARANI - DESKTOP-D1AGAN8" id="Test Suites/Data_Driven_Testing_TestSuite/DataDrivenTesting_AmazonCategory_TestSuite">
      <properties>
         <property name="deviceName" value=""/>
         <property name="devicePlatform" value=""/>
         <property name="logFolder" value="C:\\Users\\THARANI\\git\\SI-GuidedProject-705938-1705903924\\Reports\\20240130_140336\\Data_Driven_Testing_TestSuite\\DataDrivenTesting_AmazonCategory_TestSuite\\20240130_140337"/>
         <property name="logFiles" value="C:\\Users\\THARANI\\git\\SI-GuidedProject-705938-1705903924\\Reports\\20240130_140336\\Data_Driven_Testing_TestSuite\\DataDrivenTesting_AmazonCategory_TestSuite\\20240130_140337\\execution0.log"/>
         <property name="attachments" value=""/>
         <property name="hostName" value="THARANI - DESKTOP-D1AGAN8"/>
         <property name="os" value="Windows 11 64bit"/>
         <property name="katalonVersion" value="9.2.0.212"/>
         <property name="browser" value="Chrome 120.0.0.0"/>
         <property name="hostAddress" value="192.168.56.1"/>
         <property name="sessionId" value="a24a6b6570247200bdf2c17680874a49"/>
         <property name="seleniumVersion" value="3.141.59"/>
         <property name="proxyInformation" value="ProxyInformation { proxyOption=NO_PROXY, proxyServerType=HTTP, username=, password=********, proxyServerAddress=, proxyServerPort=0, executionList=&quot;&quot;, isApplyToDesiredCapabilities=true }"/>
         <property name="platform" value="Windows 11"/>
      </properties>
      <testcase name="Test Cases/Data_Driven_Testing/TC_AmazonValidationCategory_Excel_001" time="18.296" classname="Test Cases/Data_Driven_Testing/TC_AmazonValidationCategory_Excel_001" status="PASSED">
         <system-out><![CDATA[30-01-2024T14:03:41 - [TEST_CASE][PASSED] - Test Cases/Data_Driven_Testing/TC_AmazonValidationCategory_Excel_001: Test Cases/Data_Driven_Testing/TC_AmazonValidationCategory_Excel_001

30-01-2024T14:03:41 - [TEST_STEP][PASSED] - openBrowser(""): Browser is opened with url: ''

30-01-2024T14:03:42 - [MESSAGE][INFO] - Starting 'Chrome' driver

30-01-2024T14:03:42 - [MESSAGE][INFO] - Action delay is set to 0 milliseconds

30-01-2024T14:03:43 - [MESSAGE][PASSED] - Browser is opened with url: ''

30-01-2024T14:03:43 - [TEST_STEP][PASSED] - navigateToUrl("https://amazon.in/"): Navigate to 'https://amazon.in/' successfully

30-01-2024T14:03:46 - [MESSAGE][PASSED] - Navigate to 'https://amazon.in/' successfully

30-01-2024T14:03:46 - [TEST_STEP][PASSED] - selectOptionByLabel(findTestObject("DataDrivenTesting_Amazon_Category_OR/Amazon Page/CategoryItem"), category, false): All options with label 'Electronics' are selected in object 'Object Repository/DataDrivenTesting_Amazon_Category_OR/Amazon Page/CategoryItem' 

30-01-2024T14:03:47 - [MESSAGE][PASSED] - All options with label 'Electronics' are selected in object 'Object Repository/DataDrivenTesting_Amazon_Category_OR/Amazon Page/CategoryItem' 

30-01-2024T14:03:47 - [TEST_STEP][PASSED] - setText(findTestObject("DataDrivenTesting_Amazon_Category_OR/Amazon Page/input_Search Amazon.in_field-keywords"), item): Text 'Samsung Galaxy' is set on object 'Object Repository/DataDrivenTesting_Amazon_Category_OR/Amazon Page/input_Search Amazon.in_field-keywords'

30-01-2024T14:03:49 - [MESSAGE][PASSED] - Text 'Samsung Galaxy' is set on object 'Object Repository/DataDrivenTesting_Amazon_Category_OR/Amazon Page/input_Search Amazon.in_field-keywords'

30-01-2024T14:03:49 - [TEST_STEP][PASSED] - click(findTestObject("DataDrivenTesting_Amazon_Category_OR/Amazon Page/input_Search Amazon.in_nav-search-submit-button")): Object: 'Object Repository/DataDrivenTesting_Amazon_Category_OR/Amazon Page/input_Search Amazon.in_nav-search-submit-button' is clicked on

30-01-2024T14:03:59 - [MESSAGE][PASSED] - Object: 'Object Repository/DataDrivenTesting_Amazon_Category_OR/Amazon Page/input_Search Amazon.in_nav-search-submit-button' is clicked on

30-01-2024T14:03:59 - [TEST_STEP][PASSED] - closeBrowser(): Browser is closed

30-01-2024T14:03:59 - [MESSAGE][PASSED] - Browser is closed]]></system-out>
         <system-err><![CDATA[]]></system-err>
      </testcase>
      <testcase name="Test Cases/Data_Driven_Testing/TC_AmazonValidationCategory_Excel_001" time="9.966" classname="Test Cases/Data_Driven_Testing/TC_AmazonValidationCategory_Excel_001" status="PASSED">
         <system-out><![CDATA[30-01-2024T14:03:59 - [TEST_CASE][PASSED] - Test Cases/Data_Driven_Testing/TC_AmazonValidationCategory_Excel_001: Test Cases/Data_Driven_Testing/TC_AmazonValidationCategory_Excel_001

30-01-2024T14:03:59 - [TEST_STEP][PASSED] - openBrowser(""): Browser is opened with url: ''

30-01-2024T14:03:59 - [MESSAGE][INFO] - Starting 'Chrome' driver

30-01-2024T14:03:59 - [MESSAGE][INFO] - Action delay is set to 0 milliseconds

30-01-2024T14:04:00 - [MESSAGE][PASSED] - Browser is opened with url: ''

30-01-2024T14:04:00 - [TEST_STEP][PASSED] - navigateToUrl("https://amazon.in/"): Navigate to 'https://amazon.in/' successfully

30-01-2024T14:04:03 - [MESSAGE][PASSED] - Navigate to 'https://amazon.in/' successfully

30-01-2024T14:04:03 - [TEST_STEP][PASSED] - selectOptionByLabel(findTestObject("DataDrivenTesting_Amazon_Category_OR/Amazon Page/CategoryItem"), category, false): All options with label 'Books' are selected in object 'Object Repository/DataDrivenTesting_Amazon_Category_OR/Amazon Page/CategoryItem' 

30-01-2024T14:04:04 - [MESSAGE][PASSED] - All options with label 'Books' are selected in object 'Object Repository/DataDrivenTesting_Amazon_Category_OR/Amazon Page/CategoryItem' 

30-01-2024T14:04:04 - [TEST_STEP][PASSED] - setText(findTestObject("DataDrivenTesting_Amazon_Category_OR/Amazon Page/input_Search Amazon.in_field-keywords"), item): Text ' 100 lessons that will change your mindset' is set on object 'Object Repository/DataDrivenTesting_Amazon_Category_OR/Amazon Page/input_Search Amazon.in_field-keywords'

30-01-2024T14:04:05 - [MESSAGE][PASSED] - Text ' 100 lessons that will change your mindset' is set on object 'Object Repository/DataDrivenTesting_Amazon_Category_OR/Amazon Page/input_Search Amazon.in_field-keywords'

30-01-2024T14:04:05 - [TEST_STEP][PASSED] - click(findTestObject("DataDrivenTesting_Amazon_Category_OR/Amazon Page/input_Search Amazon.in_nav-search-submit-button")): Object: 'Object Repository/DataDrivenTesting_Amazon_Category_OR/Amazon Page/input_Search Amazon.in_nav-search-submit-button' is clicked on

30-01-2024T14:04:09 - [MESSAGE][PASSED] - Object: 'Object Repository/DataDrivenTesting_Amazon_Category_OR/Amazon Page/input_Search Amazon.in_nav-search-submit-button' is clicked on

30-01-2024T14:04:09 - [TEST_STEP][PASSED] - closeBrowser(): Browser is closed

30-01-2024T14:04:09 - [MESSAGE][PASSED] - Browser is closed]]></system-out>
         <system-err><![CDATA[]]></system-err>
      </testcase>
      <testcase name="Test Cases/Data_Driven_Testing/TC_AmazonValidationCategory_Excel_001" time="10.17" classname="Test Cases/Data_Driven_Testing/TC_AmazonValidationCategory_Excel_001" status="PASSED">
         <system-out><![CDATA[30-01-2024T14:04:09 - [TEST_CASE][PASSED] - Test Cases/Data_Driven_Testing/TC_AmazonValidationCategory_Excel_001: Test Cases/Data_Driven_Testing/TC_AmazonValidationCategory_Excel_001

30-01-2024T14:04:09 - [TEST_STEP][PASSED] - openBrowser(""): Browser is opened with url: ''

30-01-2024T14:04:09 - [MESSAGE][INFO] - Starting 'Chrome' driver

30-01-2024T14:04:09 - [MESSAGE][INFO] - Action delay is set to 0 milliseconds

30-01-2024T14:04:10 - [MESSAGE][PASSED] - Browser is opened with url: ''

30-01-2024T14:04:10 - [TEST_STEP][PASSED] - navigateToUrl("https://amazon.in/"): Navigate to 'https://amazon.in/' successfully

30-01-2024T14:04:13 - [MESSAGE][PASSED] - Navigate to 'https://amazon.in/' successfully

30-01-2024T14:04:13 - [TEST_STEP][PASSED] - selectOptionByLabel(findTestObject("DataDrivenTesting_Amazon_Category_OR/Amazon Page/CategoryItem"), category, false): All options with label 'Baby' are selected in object 'Object Repository/DataDrivenTesting_Amazon_Category_OR/Amazon Page/CategoryItem' 

30-01-2024T14:04:14 - [MESSAGE][PASSED] - All options with label 'Baby' are selected in object 'Object Repository/DataDrivenTesting_Amazon_Category_OR/Amazon Page/CategoryItem' 

30-01-2024T14:04:14 - [TEST_STEP][PASSED] - setText(findTestObject("DataDrivenTesting_Amazon_Category_OR/Amazon Page/input_Search Amazon.in_field-keywords"), item): Text 'Waker' is set on object 'Object Repository/DataDrivenTesting_Amazon_Category_OR/Amazon Page/input_Search Amazon.in_field-keywords'

30-01-2024T14:04:16 - [MESSAGE][PASSED] - Text 'Waker' is set on object 'Object Repository/DataDrivenTesting_Amazon_Category_OR/Amazon Page/input_Search Amazon.in_field-keywords'

30-01-2024T14:04:16 - [TEST_STEP][PASSED] - click(findTestObject("DataDrivenTesting_Amazon_Category_OR/Amazon Page/input_Search Amazon.in_nav-search-submit-button")): Object: 'Object Repository/DataDrivenTesting_Amazon_Category_OR/Amazon Page/input_Search Amazon.in_nav-search-submit-button' is clicked on

30-01-2024T14:04:19 - [MESSAGE][PASSED] - Object: 'Object Repository/DataDrivenTesting_Amazon_Category_OR/Amazon Page/input_Search Amazon.in_nav-search-submit-button' is clicked on

30-01-2024T14:04:19 - [TEST_STEP][PASSED] - closeBrowser(): Browser is closed

30-01-2024T14:04:20 - [MESSAGE][PASSED] - Browser is closed]]></system-out>
         <system-err><![CDATA[]]></system-err>
      </testcase>
      <system-out><![CDATA[30-01-2024T14:03:41 - [TEST_SUITE][PASSED] - DataDrivenTesting_AmazonCategory_TestSuite: Test Cases/Data_Driven_Testing/TC_AmazonValidationCategory_Excel_001]]></system-out>
      <system-err><![CDATA[]]></system-err>
   </testsuite>
</testsuites>
