<?xml version="1.0" encoding="UTF-8"?>
<testsuites name="Amazon_TestSuite_NewRegistration_004" time="25.378" tests="1" failures="0" errors="0">
   <testsuite name="Amazon_TestSuite_NewRegistration_004" tests="1" failures="0" errors="0" time="25.378" skipped="0" timestamp="29-01-2024T21:01:19" hostname="THARANI - DESKTOP-D1AGAN8" id="Test Suites/Amazon_TestSuite/Amazon_TestSuite_NewRegistration_004">
      <properties>
         <property name="deviceName" value=""/>
         <property name="devicePlatform" value=""/>
         <property name="logFolder" value="C:\\Users\\THARANI\\git\\SI-GuidedProject-705938-1705903924\\Reports\\20240129_205940\\Amazon_TestSuite\\Amazon_TestSuite_NewRegistration_004\\20240129_210045"/>
         <property name="logFiles" value="C:\\Users\\THARANI\\git\\SI-GuidedProject-705938-1705903924\\Reports\\20240129_205940\\Amazon_TestSuite\\Amazon_TestSuite_NewRegistration_004\\20240129_210045\\execution0.log"/>
         <property name="attachments" value=""/>
         <property name="hostName" value="THARANI - DESKTOP-D1AGAN8"/>
         <property name="os" value="Windows 11 64bit"/>
         <property name="katalonVersion" value="9.2.0.212"/>
         <property name="browser" value="Chrome 120.0.0.0"/>
         <property name="hostAddress" value="192.168.56.1"/>
         <property name="sessionId" value="81d073f4dfb570754eea93fd8b195f70"/>
         <property name="seleniumVersion" value="3.141.59"/>
         <property name="proxyInformation" value="ProxyInformation { proxyOption=NO_PROXY, proxyServerType=HTTP, username=, password=********, proxyServerAddress=, proxyServerPort=0, executionList=&quot;&quot;, isApplyToDesiredCapabilities=true }"/>
         <property name="platform" value="Windows 11"/>
      </properties>
      <testcase name="Test Cases/TC_Amazon_NewRegistration_004" time="24.957" classname="Test Cases/TC_Amazon_NewRegistration_004" status="PASSED">
         <system-out><![CDATA[29-01-2024T21:01:19 - [TEST_CASE][PASSED] - Test Cases/TC_Amazon_NewRegistration_004: Test Cases/TC_Amazon_NewRegistration_004

29-01-2024T21:01:20 - [TEST_STEP][PASSED] - openBrowser(""): Browser is opened with url: ''

29-01-2024T21:01:21 - [MESSAGE][INFO] - Starting 'Chrome' driver

29-01-2024T21:01:21 - [MESSAGE][INFO] - Action delay is set to 0 milliseconds

29-01-2024T21:01:28 - [MESSAGE][PASSED] - Browser is opened with url: ''

29-01-2024T21:01:28 - [TEST_STEP][PASSED] - navigateToUrl("https://www.amazon.in/"): Navigate to 'https://www.amazon.in/' successfully

29-01-2024T21:01:35 - [MESSAGE][PASSED] - Navigate to 'https://www.amazon.in/' successfully

29-01-2024T21:01:35 - [TEST_STEP][PASSED] - click(findTestObject("Object Repository/Amazon_NewRegistration_OR/Page_Online Shopping site in India Shop Onl_10c5f3/a_Start here")): Object: 'Object Repository/Amazon_NewRegistration_OR/Page_Online Shopping site in India Shop Onl_10c5f3/a_Start here' is clicked on

29-01-2024T21:01:39 - [MESSAGE][PASSED] - Object: 'Object Repository/Amazon_NewRegistration_OR/Page_Online Shopping site in India Shop Onl_10c5f3/a_Start here' is clicked on

29-01-2024T21:01:39 - [TEST_STEP][PASSED] - setText(findTestObject("Object Repository/Amazon_NewRegistration_OR/Page_Amazon Registration/input_customerName"), "tara"): Text 'tara' is set on object 'Object Repository/Amazon_NewRegistration_OR/Page_Amazon Registration/input_customerName'

29-01-2024T21:01:40 - [MESSAGE][PASSED] - Text 'tara' is set on object 'Object Repository/Amazon_NewRegistration_OR/Page_Amazon Registration/input_customerName'

29-01-2024T21:01:40 - [TEST_STEP][PASSED] - setText(findTestObject("Object Repository/Amazon_NewRegistration_OR/Page_Amazon Registration/input_email"), "9440327791"): Text '9440327791' is set on object 'Object Repository/Amazon_NewRegistration_OR/Page_Amazon Registration/input_email'

29-01-2024T21:01:41 - [MESSAGE][PASSED] - Text '9440327791' is set on object 'Object Repository/Amazon_NewRegistration_OR/Page_Amazon Registration/input_email'

29-01-2024T21:01:41 - [TEST_STEP][PASSED] - setEncryptedText(findTestObject("Object Repository/Amazon_NewRegistration_OR/Page_Amazon Registration/input_password"), "yApcPZgl258tA4QLdcldiw=="): Text ****** has been set on object 'Object Repository/Amazon_NewRegistration_OR/Page_Amazon Registration/input_password'

29-01-2024T21:01:42 - [MESSAGE][PASSED] - Text ****** has been set on object 'Object Repository/Amazon_NewRegistration_OR/Page_Amazon Registration/input_password'

29-01-2024T21:01:42 - [TEST_STEP][PASSED] - click(findTestObject("Object Repository/Amazon_NewRegistration_OR/Page_Amazon Registration/inputcontinue")): Object: 'Object Repository/Amazon_NewRegistration_OR/Page_Amazon Registration/inputcontinue' is clicked on

29-01-2024T21:01:44 - [MESSAGE][PASSED] - Object: 'Object Repository/Amazon_NewRegistration_OR/Page_Amazon Registration/inputcontinue' is clicked on

29-01-2024T21:01:44 - [TEST_STEP][PASSED] - closeBrowser(): Browser is closed

29-01-2024T21:01:44 - [MESSAGE][PASSED] - Browser is closed]]></system-out>
         <system-err><![CDATA[]]></system-err>
      </testcase>
      <system-out><![CDATA[29-01-2024T21:01:19 - [TEST_SUITE][PASSED] - Amazon_TestSuite_NewRegistration_004: Test Cases/TC_Amazon_NewRegistration_004]]></system-out>
      <system-err><![CDATA[]]></system-err>
   </testsuite>
</testsuites>
