<?xml version="1.0" encoding="UTF-8"?>
<testsuites name="Amazon_ValidateSearchFieldItem_002" time="26.751" tests="1" failures="0" errors="0">
   <testsuite name="Amazon_ValidateSearchFieldItem_002" tests="1" failures="0" errors="0" time="26.751" skipped="0" timestamp="29-01-2024T20:55:02" hostname="THARANI - DESKTOP-D1AGAN8" id="Test Suites/Amazon_TestSuite/Amazon_ValidateSearchFieldItem_002">
      <properties>
         <property name="deviceName" value=""/>
         <property name="devicePlatform" value=""/>
         <property name="logFolder" value="C:\\Users\\THARANI\\git\\SI-GuidedProject-705938-1705903924\\Reports\\20240129_205453\\Amazon_TestSuite\\Amazon_ValidateSearchFieldItem_002\\20240129_205453"/>
         <property name="logFiles" value="C:\\Users\\THARANI\\git\\SI-GuidedProject-705938-1705903924\\Reports\\20240129_205453\\Amazon_TestSuite\\Amazon_ValidateSearchFieldItem_002\\20240129_205453\\execution0.log"/>
         <property name="attachments" value=""/>
         <property name="hostName" value="THARANI - DESKTOP-D1AGAN8"/>
         <property name="os" value="Windows 11 64bit"/>
         <property name="katalonVersion" value="9.2.0.212"/>
         <property name="browser" value="Chrome 120.0.0.0"/>
         <property name="hostAddress" value="192.168.56.1"/>
         <property name="sessionId" value="c2d3e7db19e5e2babc6ab9d8246fbe6e"/>
         <property name="seleniumVersion" value="3.141.59"/>
         <property name="proxyInformation" value="ProxyInformation { proxyOption=NO_PROXY, proxyServerType=HTTP, username=, password=********, proxyServerAddress=, proxyServerPort=0, executionList=&quot;&quot;, isApplyToDesiredCapabilities=true }"/>
         <property name="platform" value="Windows 11"/>
      </properties>
      <testcase name="Test Cases/TC_Amazon_ValidateSearchFieldITem_002" time="26.584" classname="Test Cases/TC_Amazon_ValidateSearchFieldITem_002" status="PASSED">
         <system-out><![CDATA[29-01-2024T20:55:02 - [TEST_CASE][PASSED] - Test Cases/TC_Amazon_ValidateSearchFieldITem_002: Test Cases/TC_Amazon_ValidateSearchFieldITem_002

29-01-2024T20:55:02 - [TEST_STEP][PASSED] - openBrowser(""): Browser is opened with url: ''

29-01-2024T20:55:02 - [MESSAGE][INFO] - Starting 'Chrome' driver

29-01-2024T20:55:02 - [MESSAGE][INFO] - Action delay is set to 0 milliseconds

29-01-2024T20:55:04 - [MESSAGE][PASSED] - Browser is opened with url: ''

29-01-2024T20:55:04 - [TEST_STEP][PASSED] - navigateToUrl("https://www.amazon.in/"): Navigate to 'https://www.amazon.in/' successfully

29-01-2024T20:55:06 - [MESSAGE][PASSED] - Navigate to 'https://www.amazon.in/' successfully

29-01-2024T20:55:06 - [TEST_STEP][PASSED] - click(findTestObject("Object Repository/Amazon_ValidateSearchFieldItem_OR/Page_Online Shopping site in India Shop Onl_10c5f3/span_Sign in")): Object: 'Object Repository/Amazon_ValidateSearchFieldItem_OR/Page_Online Shopping site in India Shop Onl_10c5f3/span_Sign in' is clicked on

29-01-2024T20:55:09 - [MESSAGE][PASSED] - Object: 'Object Repository/Amazon_ValidateSearchFieldItem_OR/Page_Online Shopping site in India Shop Onl_10c5f3/span_Sign in' is clicked on

29-01-2024T20:55:09 - [TEST_STEP][PASSED] - setText(findTestObject("Object Repository/Amazon_ValidateSearchFieldItem_OR/Page_Amazon Sign In/input_email"), "8639326702"): Text '8639326702' is set on object 'Object Repository/Amazon_ValidateSearchFieldItem_OR/Page_Amazon Sign In/input_email'

29-01-2024T20:55:10 - [MESSAGE][PASSED] - Text '8639326702' is set on object 'Object Repository/Amazon_ValidateSearchFieldItem_OR/Page_Amazon Sign In/input_email'

29-01-2024T20:55:10 - [TEST_STEP][PASSED] - click(findTestObject("Object Repository/Amazon_ValidateSearchFieldItem_OR/Page_Amazon Sign In/inputcontinue")): Object: 'Object Repository/Amazon_ValidateSearchFieldItem_OR/Page_Amazon Sign In/inputcontinue' is clicked on

29-01-2024T20:55:12 - [MESSAGE][PASSED] - Object: 'Object Repository/Amazon_ValidateSearchFieldItem_OR/Page_Amazon Sign In/inputcontinue' is clicked on

29-01-2024T20:55:12 - [TEST_STEP][PASSED] - setEncryptedText(findTestObject("Object Repository/Amazon_ValidateSearchFieldItem_OR/Page_Amazon Sign In/input_password"), "yApcPZgl258tA4QLdcldiw=="): Text ****** has been set on object 'Object Repository/Amazon_ValidateSearchFieldItem_OR/Page_Amazon Sign In/input_password'

29-01-2024T20:55:13 - [MESSAGE][PASSED] - Text ****** has been set on object 'Object Repository/Amazon_ValidateSearchFieldItem_OR/Page_Amazon Sign In/input_password'

29-01-2024T20:55:13 - [TEST_STEP][PASSED] - click(findTestObject("Object Repository/Amazon_ValidateSearchFieldItem_OR/Page_Amazon Sign In/inputsignInSubmit")): Object: 'Object Repository/Amazon_ValidateSearchFieldItem_OR/Page_Amazon Sign In/inputsignInSubmit' is clicked on

29-01-2024T20:55:13 - [MESSAGE][PASSED] - Object: 'Object Repository/Amazon_ValidateSearchFieldItem_OR/Page_Amazon Sign In/inputsignInSubmit' is clicked on

29-01-2024T20:55:13 - [TEST_STEP][PASSED] - selectOptionByValue(findTestObject("Object Repository/Amazon_ValidateSearchFieldItem_OR/Page_Online Shopping site in India Shop Onl_10c5f3/select_All Categories        Alexa Skills  _a62561"), "search-alias=electronics", true): All options with value 'search-alias=electronics' are selected in object 'Object Repository/Amazon_ValidateSearchFieldItem_OR/Page_Online Shopping site in India Shop Onl_10c5f3/select_All Categories        Alexa Skills  _a62561'  using regular expression

29-01-2024T20:55:20 - [MESSAGE][PASSED] - All options with value 'search-alias=electronics' are selected in object 'Object Repository/Amazon_ValidateSearchFieldItem_OR/Page_Online Shopping site in India Shop Onl_10c5f3/select_All Categories        Alexa Skills  _a62561'  using regular expression

29-01-2024T20:55:20 - [TEST_STEP][PASSED] - setText(findTestObject("Object Repository/Amazon_ValidateSearchFieldItem_OR/Page_Online Shopping site in India Shop Onl_10c5f3/input_field-keywords"), "Samsung Galaxys23 ultra"): Text 'Samsung Galaxys23 ultra' is set on object 'Object Repository/Amazon_ValidateSearchFieldItem_OR/Page_Online Shopping site in India Shop Onl_10c5f3/input_field-keywords'

29-01-2024T20:55:22 - [MESSAGE][PASSED] - Text 'Samsung Galaxys23 ultra' is set on object 'Object Repository/Amazon_ValidateSearchFieldItem_OR/Page_Online Shopping site in India Shop Onl_10c5f3/input_field-keywords'

29-01-2024T20:55:22 - [TEST_STEP][PASSED] - click(findTestObject("Object Repository/Amazon_ValidateSearchFieldItem_OR/Page_Online Shopping site in India Shop Onl_10c5f3/inputnav-search-submit-button")): Object: 'Object Repository/Amazon_ValidateSearchFieldItem_OR/Page_Online Shopping site in India Shop Onl_10c5f3/inputnav-search-submit-button' is clicked on

29-01-2024T20:55:27 - [MESSAGE][PASSED] - Object: 'Object Repository/Amazon_ValidateSearchFieldItem_OR/Page_Online Shopping site in India Shop Onl_10c5f3/inputnav-search-submit-button' is clicked on

29-01-2024T20:55:27 - [TEST_STEP][PASSED] - click(findTestObject("Object Repository/Amazon_ValidateSearchFieldItem_OR/Page_Amazon.in  Samsung Galaxys23 ultra/img_s-image")): Object: 'Object Repository/Amazon_ValidateSearchFieldItem_OR/Page_Amazon.in  Samsung Galaxys23 ultra/img_s-image' is clicked on

29-01-2024T20:55:28 - [MESSAGE][PASSED] - Object: 'Object Repository/Amazon_ValidateSearchFieldItem_OR/Page_Amazon.in  Samsung Galaxys23 ultra/img_s-image' is clicked on

29-01-2024T20:55:28 - [TEST_STEP][PASSED] - closeBrowser(): Browser is closed

29-01-2024T20:55:28 - [MESSAGE][PASSED] - Browser is closed]]></system-out>
         <system-err><![CDATA[]]></system-err>
      </testcase>
      <system-out><![CDATA[29-01-2024T20:55:02 - [TEST_SUITE][PASSED] - Amazon_ValidateSearchFieldItem_002: Test Cases/TC_Amazon_ValidateSearchFieldITem_002]]></system-out>
      <system-err><![CDATA[]]></system-err>
   </testsuite>
</testsuites>
